#! /usr/bin/vvp
:ivl_version "11.0 (stable)";
:ivl_delay_selection "TYPICAL";
:vpi_time_precision + 0;
:vpi_module "/usr/lib/x86_64-linux-gnu/ivl/system.vpi";
:vpi_module "/usr/lib/x86_64-linux-gnu/ivl/vhdl_sys.vpi";
:vpi_module "/usr/lib/x86_64-linux-gnu/ivl/vhdl_textio.vpi";
:vpi_module "/usr/lib/x86_64-linux-gnu/ivl/v2005_math.vpi";
:vpi_module "/usr/lib/x86_64-linux-gnu/ivl/va_math.vpi";
S_0x559eac40c270 .scope module, "addbit" "addbit" 2 1;
 .timescale 0 0;
    .port_info 0 /INPUT 1 "a";
    .port_info 1 /INPUT 1 "b";
    .port_info 2 /INPUT 1 "ci";
    .port_info 3 /OUTPUT 1 "sum";
    .port_info 4 /OUTPUT 1 "co";
L_0x7f63ba3c3060 .functor BUFT 1, C4<0>, C4<0>, C4<0>, C4<0>;
v0x559eac409620_0 .net *"_ivl_10", 0 0, L_0x7f63ba3c3060;  1 drivers
v0x559eac427200_0 .net *"_ivl_11", 1 0, L_0x559eac4296d0;  1 drivers
v0x559eac4272e0_0 .net *"_ivl_13", 1 0, L_0x559eac429880;  1 drivers
L_0x7f63ba3c30a8 .functor BUFT 1, C4<0>, C4<0>, C4<0>, C4<0>;
v0x559eac4273a0_0 .net *"_ivl_16", 0 0, L_0x7f63ba3c30a8;  1 drivers
v0x559eac427480_0 .net *"_ivl_17", 1 0, L_0x559eac4299e0;  1 drivers
v0x559eac4275b0_0 .net *"_ivl_3", 1 0, L_0x559eac429400;  1 drivers
L_0x7f63ba3c3018 .functor BUFT 1, C4<0>, C4<0>, C4<0>, C4<0>;
v0x559eac427690_0 .net *"_ivl_6", 0 0, L_0x7f63ba3c3018;  1 drivers
v0x559eac427770_0 .net *"_ivl_7", 1 0, L_0x559eac429550;  1 drivers
o0x7f63ba40c198 .functor BUFZ 1, C4<z>; HiZ drive
v0x559eac427850_0 .net "a", 0 0, o0x7f63ba40c198;  0 drivers
o0x7f63ba40c1c8 .functor BUFZ 1, C4<z>; HiZ drive
v0x559eac427910_0 .net "b", 0 0, o0x7f63ba40c1c8;  0 drivers
o0x7f63ba40c1f8 .functor BUFZ 1, C4<z>; HiZ drive
v0x559eac4279d0_0 .net "ci", 0 0, o0x7f63ba40c1f8;  0 drivers
v0x559eac427a90_0 .net "co", 0 0, L_0x559eac4291e0;  1 drivers
v0x559eac427b50_0 .net "sum", 0 0, L_0x559eac4292e0;  1 drivers
L_0x559eac4291e0 .part L_0x559eac4299e0, 1, 1;
L_0x559eac4292e0 .part L_0x559eac4299e0, 0, 1;
L_0x559eac429400 .concat [ 1 1 0 0], o0x7f63ba40c198, L_0x7f63ba3c3018;
L_0x559eac429550 .concat [ 1 1 0 0], o0x7f63ba40c1c8, L_0x7f63ba3c3060;
L_0x559eac4296d0 .arith/sum 2, L_0x559eac429400, L_0x559eac429550;
L_0x559eac429880 .concat [ 1 1 0 0], o0x7f63ba40c1f8, L_0x7f63ba3c30a8;
L_0x559eac4299e0 .arith/sum 2, L_0x559eac4296d0, L_0x559eac429880;
S_0x559eac40c400 .scope module, "assignments" "assignments" 3 19;
 .timescale 0 0;
v0x559eac427cb0_0 .var "R", 0 0;
v0x559eac427d90_0 .var/2u *"_ivl_0", 0 0; Local signal
S_0x559eac40c590 .scope module, "circuit" "circuit" 3 1;
 .timescale 0 0;
    .port_info 0 /OUTPUT 1 "f";
    .port_info 1 /INPUT 1 "a";
    .port_info 2 /INPUT 1 "b";
    .port_info 3 /INPUT 1 "c";
    .port_info 4 /INPUT 1 "d";
o0x7f63ba40c3d8 .functor BUFZ 1, C4<z>; HiZ drive
o0x7f63ba40c408 .functor BUFZ 1, C4<z>; HiZ drive
L_0x559eac429770 .functor AND 1, o0x7f63ba40c3d8, o0x7f63ba40c408, C4<1>, C4<1>;
L_0x559eac429b20 .functor XOR 1, L_0x559eac429770, L_0x559eac429c10, C4<0>, C4<0>;
o0x7f63ba40c438 .functor BUFZ 1, C4<z>; HiZ drive
o0x7f63ba40c468 .functor BUFZ 1, C4<z>; HiZ drive
L_0x559eac429c10 .functor OR 1, o0x7f63ba40c438, o0x7f63ba40c468, C4<0>, C4<0>;
L_0x559eac429d00 .functor AND 1, L_0x559eac429b20, L_0x559eac429c10, C4<1>, C4<1>;
v0x559eac427e70_0 .net "a", 0 0, o0x7f63ba40c3d8;  0 drivers
v0x559eac427f50_0 .net "b", 0 0, o0x7f63ba40c408;  0 drivers
v0x559eac428010_0 .net "c", 0 0, o0x7f63ba40c438;  0 drivers
v0x559eac4280b0_0 .net "d", 0 0, o0x7f63ba40c468;  0 drivers
v0x559eac428170_0 .net "f", 0 0, L_0x559eac429d00;  1 drivers
v0x559eac428230_0 .net "w1", 0 0, L_0x559eac429770;  1 drivers
v0x559eac4282f0_0 .net "w2", 0 0, L_0x559eac429b20;  1 drivers
v0x559eac4283b0_0 .net "w3", 0 0, L_0x559eac429c10;  1 drivers
S_0x559eac4092b0 .scope module, "reg_ex1" "reg_ex1" 3 14;
 .timescale 0 0;
    .port_info 0 /INPUT 1 "clk";
o0x7f63ba40c648 .functor BUFZ 1, C4<z>; HiZ drive
v0x559eac428550_0 .net "D", 0 0, o0x7f63ba40c648;  0 drivers
v0x559eac428630_0 .var "Q", 0 0;
o0x7f63ba40c6a8 .functor BUFZ 1, C4<z>; HiZ drive
v0x559eac4286f0_0 .net "clk", 0 0, o0x7f63ba40c6a8;  0 drivers
E_0x559eac408be0 .event posedge, v0x559eac4286f0_0;
S_0x559eac409440 .scope module, "testmux" "testmux" 2 17;
 .timescale 0 0;
v0x559eac428dc0_0 .var "a", 0 0;
v0x559eac428e80_0 .var "b", 0 0;
v0x559eac428f50_0 .var "expected", 0 0;
v0x559eac429020_0 .net "f", 0 0, L_0x559eac429e20;  1 drivers
v0x559eac4290f0_0 .var "s", 0 0;
S_0x559eac4287d0 .scope module, "uut" "mux2" 2 22, 3 33 0, S_0x559eac409440;
 .timescale 0 0;
    .port_info 0 /INPUT 1 "in0";
    .port_info 1 /INPUT 1 "in1";
    .port_info 2 /INPUT 1 "select";
    .port_info 3 /OUTPUT 1 "out";
v0x559eac4289e0_0 .net "in0", 0 0, v0x559eac428dc0_0;  1 drivers
v0x559eac428ac0_0 .net "in1", 0 0, v0x559eac428e80_0;  1 drivers
v0x559eac428b80_0 .net "out", 0 0, L_0x559eac429e20;  alias, 1 drivers
v0x559eac428c50_0 .net "select", 0 0, v0x559eac4290f0_0;  1 drivers
L_0x559eac429e20 .functor MUXZ 1, v0x559eac428e80_0, v0x559eac428dc0_0, v0x559eac4290f0_0, C4<>;
    .scope S_0x559eac40c400;
T_0 ;
    %pushi/vec4 1, 0, 1;
    %assign/vec4 v0x559eac427cb0_0, 20;
    %end;
    .thread T_0;
    .scope S_0x559eac40c400;
T_1 ;
    %pushi/vec4 1, 0, 1;
    %store/vec4 v0x559eac427cb0_0, 0, 1;
    %pushi/vec4 0, 0, 1;
    %store/vec4 v0x559eac427d90_0, 0, 1;
    %pushi/vec4 35, 0, 64;
    %ix/vec4 4;
    %delayx 4;
    %load/vec4 v0x559eac427d90_0;
    %store/vec4 v0x559eac427cb0_0, 0, 1;
    %end;
    .thread T_1;
    .scope S_0x559eac40c400;
T_2 ;
    %pushi/vec4 1, 0, 1;
    %assign/vec4 v0x559eac427cb0_0, 100;
    %delay 15, 0;
    %pushi/vec4 0, 0, 1;
    %store/vec4 v0x559eac427cb0_0, 0, 1;
    %delay 220, 0;
    %pushi/vec4 0, 0, 1;
    %store/vec4 v0x559eac427cb0_0, 0, 1;
    %end;
    .thread T_2;
    .scope S_0x559eac4092b0;
T_3 ;
    %wait E_0x559eac408be0;
    %load/vec4 v0x559eac428550_0;
    %store/vec4 v0x559eac428630_0, 0, 1;
    %jmp T_3;
    .thread T_3;
    .scope S_0x559eac409440;
T_4 ;
    %pushi/vec4 0, 0, 1;
    %store/vec4 v0x559eac4290f0_0, 0, 1;
    %pushi/vec4 0, 0, 1;
    %store/vec4 v0x559eac428dc0_0, 0, 1;
    %pushi/vec4 1, 0, 1;
    %store/vec4 v0x559eac428e80_0, 0, 1;
    %pushi/vec4 0, 0, 1;
    %store/vec4 v0x559eac428f50_0, 0, 1;
    %delay 10, 0;
    %pushi/vec4 1, 0, 1;
    %store/vec4 v0x559eac428dc0_0, 0, 1;
    %pushi/vec4 0, 0, 1;
    %store/vec4 v0x559eac428e80_0, 0, 1;
    %pushi/vec4 1, 0, 1;
    %store/vec4 v0x559eac428f50_0, 0, 1;
    %delay 10, 0;
    %pushi/vec4 1, 0, 1;
    %store/vec4 v0x559eac4290f0_0, 0, 1;
    %pushi/vec4 0, 0, 1;
    %store/vec4 v0x559eac428dc0_0, 0, 1;
    %pushi/vec4 1, 0, 1;
    %store/vec4 v0x559eac428e80_0, 0, 1;
    %pushi/vec4 1, 0, 1;
    %store/vec4 v0x559eac428f50_0, 0, 1;
    %end;
    .thread T_4;
    .scope S_0x559eac409440;
T_5 ;
    %vpi_call 2 31 "$monitor", "select=%b in0=%b in1=%b out=%b, expected out=%b time=%d", v0x559eac4290f0_0, v0x559eac428dc0_0, v0x559eac428e80_0, v0x559eac429020_0, v0x559eac428f50_0, $time {0 0 0};
    %end;
    .thread T_5;
# The file index is used to find the file name in the following table.
:file_names 4;
    "N/A";
    "<interactive>";
    "RTL.v";
    "./moduel_eg.v";
